Using pre-set license
Built from '2020.3/staging' branch; Version is '2020.3.0f1 (c7b5465681fb) revision 13088070'; Using compiler version '192528614'; Build Type 'Release'
OS: 'Windows 10 Pro; OS build 19043.1237; Version 2009; 64bit' Language: 'en' Physical Memory: 16251 MB
BatchMode: 1, IsHumanControllingUs: 0, StartBugReporterOnCrash: 0, Is64bit: 1, IsPro: 0

 COMMAND LINE ARGUMENTS:
C:\Program Files\Unity\Hub\Editor\2020.3.0f1\Editor\Unity.exe
-adb2
-batchMode
-noUpm
-name
AssetImportWorker0
-projectPath
C:/Users/muitt/Help/Demo
-logFile
Logs/AssetImportWorker0.log
-srvPort
61608
Successfully changed project path to: C:/Users/muitt/Help/Demo
C:/Users/muitt/Help/Demo
Using Asset Import Pipeline V2.
Refreshing native plugins compatible for Editor in 27.98 ms, found 3 plugins.
Preloading 0 native plugins for Editor in 0.00 ms.
Initialize engine version: 2020.3.0f1 (c7b5465681fb)
[Subsystems] Discovering subsystems at path C:/Program Files/Unity/Hub/Editor/2020.3.0f1/Editor/Data/Resources/UnitySubsystems
[Subsystems] Discovering subsystems at path C:/Users/muitt/Help/Demo/Assets
GfxDevice: creating device client; threaded=0
Direct3D:
    Version:  Direct3D 11.0 [level 11.1]
    Renderer: NVIDIA GeForce GTX 1650 Ti (ID=0x1f95)
    Vendor:   
    VRAM:     3962 MB
    Driver:   30.0.14.7212
Initialize mono
Mono path[0] = 'C:/Program Files/Unity/Hub/Editor/2020.3.0f1/Editor/Data/Managed'
Mono path[1] = 'C:/Program Files/Unity/Hub/Editor/2020.3.0f1/Editor/Data/MonoBleedingEdge/lib/mono/unityjit'
Mono config path = 'C:/Program Files/Unity/Hub/Editor/2020.3.0f1/Editor/Data/MonoBleedingEdge/etc'
Using monoOptions --debugger-agent=transport=dt_socket,embedding=1,server=y,suspend=n,address=127.0.0.1:56860
Begin MonoManager ReloadAssembly
Registering precompiled unity dll's ...
Register platform support module: C:/Program Files/Unity/Hub/Editor/2020.3.0f1/Editor/Data/PlaybackEngines/WindowsStandaloneSupport/UnityEditor.WindowsStandalone.Extensions.dll
Registered in 0.001705 seconds.
Native extension for WindowsStandalone target not found
Refreshing native plugins compatible for Editor in 25.62 ms, found 3 plugins.
Preloading 0 native plugins for Editor in 0.00 ms.
Invoked RoslynAnalysisRunner static constructor.
RoslynAnalysisRunner will not be running.
RoslynAnalysisRunner has terminated.
Mono: successfully reloaded assembly
- Completed reload, in  1.577 seconds
Platform modules already initialized, skipping
Registering precompiled user dll's ...
Registered in 0.001200 seconds.
Begin MonoManager ReloadAssembly
Native extension for WindowsStandalone target not found
Refreshing native plugins compatible for Editor in 26.38 ms, found 3 plugins.
Preloading 0 native plugins for Editor in 0.00 ms.
Invoked RoslynAnalysisRunner static constructor.
RoslynAnalysisRunner will not be running.
RoslynAnalysisRunner has terminated.
Mono: successfully reloaded assembly
- Completed reload, in  0.671 seconds
Platform modules already initialized, skipping
========================================================================
Worker process is ready to serve import requests
Launched and connected shader compiler UnityShaderCompiler.exe after 0.04 seconds
Refreshing native plugins compatible for Editor in 0.27 ms, found 3 plugins.
Preloading 0 native plugins for Editor in 0.00 ms.
Unloading 1364 Unused Serialized files (Serialized files now loaded: 0)
System memory in use before: 66.6 MB.
System memory in use after: 66.6 MB.

Unloading 16 unused Assets to reduce memory usage. Loaded Objects now: 1803.
Total: 1.698800 ms (FindLiveObjects: 0.148000 ms CreateObjectMapping: 0.052400 ms MarkObjects: 1.431900 ms  DeleteObjects: 0.065200 ms)

========================================================================
Received Import Request.
  path: Assets/UIButton
  artifactKey: Guid(582bdfa242070914c92e9fa755481dc1) Importer(815301076,1909f56bfc062723c751e8b465ee728b)
Start importing Assets/UIButton using Guid(582bdfa242070914c92e9fa755481dc1) Importer(815301076,1909f56bfc062723c751e8b465ee728b)  -> (artifact id: '7e118e1841aef194ac8109b3c048485c') in 0.003404 seconds
  Import took 0.005068 seconds .

========================================================================
Received Import Request.
  Time since last request: 2.005749 seconds.
  path: Assets/TextMesh Pro
  artifactKey: Guid(f54d1bd14bd3ca042bd867b519fee8cc) Importer(815301076,1909f56bfc062723c751e8b465ee728b)
Start importing Assets/TextMesh Pro using Guid(f54d1bd14bd3ca042bd867b519fee8cc) Importer(815301076,1909f56bfc062723c751e8b465ee728b)  -> (artifact id: '166def47635274b096a9fd1d3c5fb628') in 0.002672 seconds
  Import took 0.005129 seconds .

========================================================================
Received Import Request.
  Time since last request: 0.000508 seconds.
  path: Assets/TextMesh Pro
  artifactKey: Guid(f54d1bd14bd3ca042bd867b519fee8cc) Importer(815301076,1909f56bfc062723c751e8b465ee728b)
Start importing Assets/TextMesh Pro using Guid(f54d1bd14bd3ca042bd867b519fee8cc) Importer(815301076,1909f56bfc062723c751e8b465ee728b)  -> (artifact id: '166def47635274b096a9fd1d3c5fb628') in 0.001854 seconds
  Import took 0.003478 seconds .

========================================================================
Received Import Request.
  Time since last request: 2.027813 seconds.
  path: Assets/Tree_Textures
  artifactKey: Guid(3404ee7262987ce4999251bf85c61a0e) Importer(815301076,1909f56bfc062723c751e8b465ee728b)
Start importing Assets/Tree_Textures using Guid(3404ee7262987ce4999251bf85c61a0e) Importer(815301076,1909f56bfc062723c751e8b465ee728b)  -> (artifact id: '21eb8a08944270fabf33a11f945dfd1a') in 0.002219 seconds
  Import took 0.004079 seconds .

========================================================================
Received Import Request.
  Time since last request: 0.005483 seconds.
  path: Assets/Tree_Textures
  artifactKey: Guid(3404ee7262987ce4999251bf85c61a0e) Importer(815301076,1909f56bfc062723c751e8b465ee728b)
Start importing Assets/Tree_Textures using Guid(3404ee7262987ce4999251bf85c61a0e) Importer(815301076,1909f56bfc062723c751e8b465ee728b)  -> (artifact id: '21eb8a08944270fabf33a11f945dfd1a') in 0.002315 seconds
  Import took 0.004349 seconds .

========================================================================
Received Import Request.
  Time since last request: 27.216517 seconds.
  path: Assets/JMO Assets/Particle/CFX2_Blood AB.mat
  artifactKey: Guid(cfeb0e44c6f4bc34086102e1a7ace033) Importer(815301076,1909f56bfc062723c751e8b465ee728b)
Start importing Assets/JMO Assets/Particle/CFX2_Blood AB.mat using Guid(cfeb0e44c6f4bc34086102e1a7ace033) Importer(815301076,1909f56bfc062723c751e8b465ee728b)  -> (artifact id: '7e313dd4c880bd519ff75e476bbb7c40') in 0.090642 seconds
  Import took 0.092783 seconds .

========================================================================
Received Prepare
Registering precompiled user dll's ...
Registered in 0.001266 seconds.
Begin MonoManager ReloadAssembly
Native extension for WindowsStandalone target not found
Refreshing native plugins compatible for Editor in 0.35 ms, found 3 plugins.
Preloading 0 native plugins for Editor in 0.00 ms.
Invoked RoslynAnalysisRunner static constructor.
RoslynAnalysisRunner will not be running.
RoslynAnalysisRunner has terminated.
Mono: successfully reloaded assembly
- Completed reload, in  0.696 seconds
Platform modules already initialized, skipping
Switching build target platform(5) subTarget(0) extendedPlatform(0) -> platform(13) subTarget(537395200) extendedPlatform(0)
Refreshing native plugins compatible for Editor in 0.39 ms, found 3 plugins.
Preloading 0 native plugins for Editor in 0.00 ms.
Unloading 1338 Unused Serialized files (Serialized files now loaded: 0)
System memory in use before: 67.7 MB.
System memory in use after: 67.8 MB.

Unloading 11 unused Assets to reduce memory usage. Loaded Objects now: 1846.
Total: 1.679700 ms (FindLiveObjects: 0.190100 ms CreateObjectMapping: 0.039000 ms MarkObjects: 1.435400 ms  DeleteObjects: 0.014200 ms)

AssetImportParameters requested are different than current active one (requested -> active):
  custom:graphics/normal-map-encoding: 01000000000000000000000000000000 -> 02000000000000000000000000000000
========================================================================
Received Import Request.
  Time since last request: 124.219645 seconds.
  path: Assets/JMO Assets/Cartoon FX/Materials/Misc/CFX2_AuraBubble Add.mat
  artifactKey: Guid(b8f3f0a6593dd334cb95e01c9fdc3640) Importer(815301076,1909f56bfc062723c751e8b465ee728b)
Start importing Assets/JMO Assets/Cartoon FX/Materials/Misc/CFX2_AuraBubble Add.mat using Guid(b8f3f0a6593dd334cb95e01c9fdc3640) Importer(815301076,1909f56bfc062723c751e8b465ee728b)  -> (artifact id: '67a13a686e259539e785b86f399c71da') in 0.081109 seconds
  Import took 0.083366 seconds .

========================================================================
Received Import Request.
  Time since last request: 0.000280 seconds.
  path: Assets/JMO Assets/Cartoon FX/Materials/Misc/CFX2_SingleSmoke AB.mat
  artifactKey: Guid(99e23f3877c77604682d49df6c56b077) Importer(815301076,1909f56bfc062723c751e8b465ee728b)
Start importing Assets/JMO Assets/Cartoon FX/Materials/Misc/CFX2_SingleSmoke AB.mat using Guid(99e23f3877c77604682d49df6c56b077) Importer(815301076,1909f56bfc062723c751e8b465ee728b)  -> (artifact id: '8a49ed8526cec2d31e410bdce3a91edb') in 0.031365 seconds
  Import took 0.033258 seconds .

========================================================================
Received Import Request.
  Time since last request: 0.000185 seconds.
  path: Assets/JMO Assets/Cartoon FX/Materials/Misc/CFX2_Glow Soft.mat
  artifactKey: Guid(b6a4ebddb006a4a4bb0bea6365c7512a) Importer(815301076,1909f56bfc062723c751e8b465ee728b)
Start importing Assets/JMO Assets/Cartoon FX/Materials/Misc/CFX2_Glow Soft.mat using Guid(b6a4ebddb006a4a4bb0bea6365c7512a) Importer(815301076,1909f56bfc062723c751e8b465ee728b)  -> (artifact id: 'aeef2efa6283c5210325bd7401c88ade') in 0.006537 seconds
  Import took 0.008471 seconds .

========================================================================
Received Import Request.
  Time since last request: 0.000220 seconds.
  path: Assets/JMO Assets/Cartoon FX/Materials/Misc/CFX2_Glow.mat
  artifactKey: Guid(b479681f08574fd4188237f92866cbac) Importer(815301076,1909f56bfc062723c751e8b465ee728b)
Start importing Assets/JMO Assets/Cartoon FX/Materials/Misc/CFX2_Glow.mat using Guid(b479681f08574fd4188237f92866cbac) Importer(815301076,1909f56bfc062723c751e8b465ee728b)  -> (artifact id: '7213bc24ca6a55c2c9e65f1c75f4e412') in 0.007213 seconds
  Import took 0.009242 seconds .

========================================================================
Received Import Request.
  Time since last request: 0.000152 seconds.
  path: Assets/JMO Assets/Cartoon FX/Materials/Misc/CFX2_AuraBubble Add.mat
  artifactKey: Guid(b8f3f0a6593dd334cb95e01c9fdc3640) Importer(815301076,1909f56bfc062723c751e8b465ee728b)
Start importing Assets/JMO Assets/Cartoon FX/Materials/Misc/CFX2_AuraBubble Add.mat using Guid(b8f3f0a6593dd334cb95e01c9fdc3640) Importer(815301076,1909f56bfc062723c751e8b465ee728b)  -> (artifact id: '67a13a686e259539e785b86f399c71da') in 0.006423 seconds
  Import took 0.008331 seconds .

========================================================================
Received Import Request.
  Time since last request: 0.000178 seconds.
  path: Assets/JMO Assets/Cartoon FX/Materials/Misc/CFX2_Blob AddMult.mat
  artifactKey: Guid(ec04954b1db17cc49911f2fd45f9ddab) Importer(815301076,1909f56bfc062723c751e8b465ee728b)
Start importing Assets/JMO Assets/Cartoon FX/Materials/Misc/CFX2_Blob AddMult.mat using Guid(ec04954b1db17cc49911f2fd45f9ddab) Importer(815301076,1909f56bfc062723c751e8b465ee728b)  -> (artifact id: 'a5322953962280b4bc05f12c99b44e08') in 0.028351 seconds
  Import took 0.030388 seconds .

========================================================================
Received Import Request.
  Time since last request: 0.000293 seconds.
  path: Assets/JMO Assets/Cartoon FX/Materials/Misc/CFX2_Debris_Wood AB.mat
  artifactKey: Guid(e1cf54412e358b0449e074b9ec70c128) Importer(815301076,1909f56bfc062723c751e8b465ee728b)
Start importing Assets/JMO Assets/Cartoon FX/Materials/Misc/CFX2_Debris_Wood AB.mat using Guid(e1cf54412e358b0449e074b9ec70c128) Importer(815301076,1909f56bfc062723c751e8b465ee728b)  -> (artifact id: '9a371764dd5a08c012c427cd6b51ec3e') in 0.009659 seconds
  Import took 0.011577 seconds .

========================================================================
Received Import Request.
  Time since last request: 0.000208 seconds.
  path: Assets/JMO Assets/Cartoon FX/Materials/Misc/CFX2_Debris_SmallRocks AB 4Frames.mat
  artifactKey: Guid(d5510d53a0740714d8094e9574e424fe) Importer(815301076,1909f56bfc062723c751e8b465ee728b)
Start importing Assets/JMO Assets/Cartoon FX/Materials/Misc/CFX2_Debris_SmallRocks AB 4Frames.mat using Guid(d5510d53a0740714d8094e9574e424fe) Importer(815301076,1909f56bfc062723c751e8b465ee728b)  -> (artifact id: 'a4dc677e0d67f323fcaf13dd53784e3e') in 0.007139 seconds
  Import took 0.009222 seconds .

========================================================================
Received Import Request.
  Time since last request: 0.000161 seconds.
  path: Assets/JMO Assets/Cartoon FX/Materials/Misc/CFX2_ShinyStar Add.mat
  artifactKey: Guid(c1b09b1ca8ba05d4682ccf6db6b1102d) Importer(815301076,1909f56bfc062723c751e8b465ee728b)
Start importing Assets/JMO Assets/Cartoon FX/Materials/Misc/CFX2_ShinyStar Add.mat using Guid(c1b09b1ca8ba05d4682ccf6db6b1102d) Importer(815301076,1909f56bfc062723c751e8b465ee728b)  -> (artifact id: '1c4a0f50f743798df031def0763f18d3') in 0.006804 seconds
  Import took 0.008782 seconds .

========================================================================
Received Import Request.
  Time since last request: 0.000174 seconds.
  path: Assets/JMO Assets/Cartoon FX/Materials/Misc/CFX2_Debris_SmallRocks AB 4Frames.mat
  artifactKey: Guid(d5510d53a0740714d8094e9574e424fe) Importer(815301076,1909f56bfc062723c751e8b465ee728b)
Start importing Assets/JMO Assets/Cartoon FX/Materials/Misc/CFX2_Debris_SmallRocks AB 4Frames.mat using Guid(d5510d53a0740714d8094e9574e424fe) Importer(815301076,1909f56bfc062723c751e8b465ee728b)  -> (artifact id: 'a4dc677e0d67f323fcaf13dd53784e3e') in 0.007596 seconds
  Import took 0.009576 seconds .

========================================================================
Received Import Request.
  Time since last request: 0.014812 seconds.
  path: Assets/JMO Assets/Cartoon FX/Materials/Misc/CFX2_ShinyStar Add.mat
  artifactKey: Guid(c1b09b1ca8ba05d4682ccf6db6b1102d) Importer(815301076,1909f56bfc062723c751e8b465ee728b)
Start importing Assets/JMO Assets/Cartoon FX/Materials/Misc/CFX2_ShinyStar Add.mat using Guid(c1b09b1ca8ba05d4682ccf6db6b1102d) Importer(815301076,1909f56bfc062723c751e8b465ee728b)  -> (artifact id: '1c4a0f50f743798df031def0763f18d3') in 0.005853 seconds
  Import took 0.008228 seconds .

========================================================================
Received Import Request.
  Time since last request: 1.029400 seconds.
  path: Assets/JMO Assets/Cartoon FX/Materials/Misc/CFX2_Ventilo.mat
  artifactKey: Guid(dda35fa1590b6044b94e93154014561a) Importer(815301076,1909f56bfc062723c751e8b465ee728b)
Start importing Assets/JMO Assets/Cartoon FX/Materials/Misc/CFX2_Ventilo.mat using Guid(dda35fa1590b6044b94e93154014561a) Importer(815301076,1909f56bfc062723c751e8b465ee728b)  -> (artifact id: 'f03542846bca8077e3ec0e66f4b9e717') in 0.007766 seconds
  Import took 0.010836 seconds .

========================================================================
Received Import Request.
  Time since last request: 0.000305 seconds.
  path: Assets/JMO Assets/Cartoon FX/Materials/Misc/CFX2_WhiteCircle AB.mat
  artifactKey: Guid(7c9d6983f275678479ebf019a670f9cf) Importer(815301076,1909f56bfc062723c751e8b465ee728b)
Start importing Assets/JMO Assets/Cartoon FX/Materials/Misc/CFX2_WhiteCircle AB.mat using Guid(7c9d6983f275678479ebf019a670f9cf) Importer(815301076,1909f56bfc062723c751e8b465ee728b)  -> (artifact id: '73cfa127c72450cab99d0806ad16ac71') in 0.007273 seconds
  Import took 0.009446 seconds .

========================================================================
Received Import Request.
  Time since last request: 0.069481 seconds.
  path: Assets/JMO Assets/Cartoon FX/Materials/Misc/CFX2_WWSmoke AB.mat
  artifactKey: Guid(b4763647fd335254fb87da94740402ca) Importer(815301076,1909f56bfc062723c751e8b465ee728b)
Start importing Assets/JMO Assets/Cartoon FX/Materials/Misc/CFX2_WWSmoke AB.mat using Guid(b4763647fd335254fb87da94740402ca) Importer(815301076,1909f56bfc062723c751e8b465ee728b)  -> (artifact id: '37300a4b6b8906cd6ff73a3aabc1b0eb') in 0.005875 seconds
  Import took 0.008045 seconds .

========================================================================
Received Import Request.
  Time since last request: 0.000171 seconds.
  path: Assets/JMO Assets/Cartoon FX/Materials/Misc/CFX2_WWSmoke ABAdd.mat
  artifactKey: Guid(16085362fa1623c4f8df9184bb741047) Importer(815301076,1909f56bfc062723c751e8b465ee728b)
Start importing Assets/JMO Assets/Cartoon FX/Materials/Misc/CFX2_WWSmoke ABAdd.mat using Guid(16085362fa1623c4f8df9184bb741047) Importer(815301076,1909f56bfc062723c751e8b465ee728b)  -> (artifact id: '5475e6193981be54d36b6ffd77249cfe') in 0.027392 seconds
  Import took 0.029241 seconds .

========================================================================
Received Import Request.
  Time since last request: 1.100408 seconds.
  path: Assets/Materials/blue.mat
  artifactKey: Guid(83ae00660ca918247a3ddab65d68b802) Importer(815301076,1909f56bfc062723c751e8b465ee728b)
Start importing Assets/Materials/blue.mat using Guid(83ae00660ca918247a3ddab65d68b802) Importer(815301076,1909f56bfc062723c751e8b465ee728b)  -> (artifact id: '8f7f663b19dfd76c02fde3a05d9d9122') in 0.142494 seconds
  Import took 0.144383 seconds .

========================================================================
Received Import Request.
  Time since last request: 0.000255 seconds.
  path: Assets/Models/MasksPack.fbx
  artifactKey: Guid(d11c92e0f7cf66d4595f6de67aa0e12e) Importer(815301076,1909f56bfc062723c751e8b465ee728b)
Start importing Assets/Models/MasksPack.fbx using Guid(d11c92e0f7cf66d4595f6de67aa0e12e) Importer(815301076,1909f56bfc062723c751e8b465ee728b)  -> (artifact id: '420018e792abc078270f9cb43c2cabb6') in 0.394294 seconds
  Import took 0.396804 seconds .

========================================================================
Received Import Request.
  Time since last request: 0.000193 seconds.
  path: Assets/Materials/base.mat
  artifactKey: Guid(60f613f1c1967d341b90a118f5d9fb47) Importer(815301076,1909f56bfc062723c751e8b465ee728b)
Start importing Assets/Materials/base.mat using Guid(60f613f1c1967d341b90a118f5d9fb47) Importer(815301076,1909f56bfc062723c751e8b465ee728b)  -> (artifact id: 'e7fe41216a935d71f01cb076cd5456fe') in 0.006797 seconds
  Import took 0.008838 seconds .

========================================================================
Received Import Request.
  Time since last request: 0.000216 seconds.
  path: Assets/Materials/BLACK.mat
  artifactKey: Guid(0f7c6a13b13299d4fae0d5c166321ca6) Importer(815301076,1909f56bfc062723c751e8b465ee728b)
Start importing Assets/Materials/BLACK.mat using Guid(0f7c6a13b13299d4fae0d5c166321ca6) Importer(815301076,1909f56bfc062723c751e8b465ee728b)  -> (artifact id: '4ae1049f48d1872ef733450dfe360892') in 0.222237 seconds
  Import took 0.224267 seconds .

========================================================================
Received Import Request.
  Time since last request: 0.000250 seconds.
  path: Assets/TextMesh Pro/Examples & Extras/Resources/Fonts & Materials/Bangers SDF.asset
  artifactKey: Guid(125cb55b44b24c4393181402bc6200e6) Importer(815301076,1909f56bfc062723c751e8b465ee728b)
Start importing Assets/TextMesh Pro/Examples & Extras/Resources/Fonts & Materials/Bangers SDF.asset using Guid(125cb55b44b24c4393181402bc6200e6) Importer(815301076,1909f56bfc062723c751e8b465ee728b)  -> (artifact id: '80390a4302741af30f6299243ffdbc4c') in 0.120362 seconds
  Import took 0.122344 seconds .

========================================================================
Received Import Request.
  Time since last request: 0.000244 seconds.
  path: Assets/Materials/BlueMask.mat
  artifactKey: Guid(dd8ad7bc2d8c5114da3a5f65d62eeb9f) Importer(815301076,1909f56bfc062723c751e8b465ee728b)
Start importing Assets/Materials/BlueMask.mat using Guid(dd8ad7bc2d8c5114da3a5f65d62eeb9f) Importer(815301076,1909f56bfc062723c751e8b465ee728b)  -> (artifact id: 'b7dac65f420df7e637580592daad45a8') in 0.007332 seconds
  Import took 0.009601 seconds .

========================================================================
Received Import Request.
  Time since last request: 0.854539 seconds.
  path: Assets/TextMesh Pro/Examples & Extras/Resources/Fonts & Materials/Bangers SDF Glow.mat
  artifactKey: Guid(d75b8f41e959450c84ac6e967084d3e1) Importer(815301076,1909f56bfc062723c751e8b465ee728b)
Start importing Assets/TextMesh Pro/Examples & Extras/Resources/Fonts & Materials/Bangers SDF Glow.mat using Guid(d75b8f41e959450c84ac6e967084d3e1) Importer(815301076,1909f56bfc062723c751e8b465ee728b)  -> (artifact id: '274ce50a3adc9b8154311d5bdfb65f15') in 0.068875 seconds
  Import took 0.071061 seconds .

========================================================================
Received Import Request.
  Time since last request: 0.000363 seconds.
  path: Assets/TextMesh Pro/Examples & Extras/Resources/Fonts & Materials/Bangers SDF - Outline.mat
  artifactKey: Guid(f629c6e43dba4bf38cb74d8860150664) Importer(815301076,1909f56bfc062723c751e8b465ee728b)
Start importing Assets/TextMesh Pro/Examples & Extras/Resources/Fonts & Materials/Bangers SDF - Outline.mat using Guid(f629c6e43dba4bf38cb74d8860150664) Importer(815301076,1909f56bfc062723c751e8b465ee728b)  -> (artifact id: '4e28ad853c161fa5a23aa31331a2db82') in 0.080113 seconds
  Import took 0.082269 seconds .

========================================================================
Received Import Request.
  Time since last request: 0.000193 seconds.
  path: Assets/TextMesh Pro/Examples & Extras/Resources/Fonts & Materials/Bangers SDF - Drop Shadow.mat
  artifactKey: Guid(f2dcf029949142e28b974630369c8b4e) Importer(815301076,1909f56bfc062723c751e8b465ee728b)
Start importing Assets/TextMesh Pro/Examples & Extras/Resources/Fonts & Materials/Bangers SDF - Drop Shadow.mat using Guid(f2dcf029949142e28b974630369c8b4e) Importer(815301076,1909f56bfc062723c751e8b465ee728b)  -> (artifact id: '584738d238a461dde0a43cc102ccf792') in 0.052485 seconds
  Import took 0.054302 seconds .

========================================================================
Received Import Request.
  Time since last request: 0.000258 seconds.
  path: Assets/TextMesh Pro/Examples & Extras/Resources/Fonts & Materials/Bangers SDF Logo.mat
  artifactKey: Guid(f4e195ac1e204eff960149d1cb34e18c) Importer(815301076,1909f56bfc062723c751e8b465ee728b)
Start importing Assets/TextMesh Pro/Examples & Extras/Resources/Fonts & Materials/Bangers SDF Logo.mat using Guid(f4e195ac1e204eff960149d1cb34e18c) Importer(815301076,1909f56bfc062723c751e8b465ee728b)  -> (artifact id: '279bdb003bfb824749f004da7811ea7f') in 0.276893 seconds
  Import took 0.278868 seconds .

========================================================================
Received Import Request.
  Time since last request: 0.434935 seconds.
  path: Assets/TextMesh Pro/Examples & Extras/Resources/Fonts & Materials/Anton SDF - Sunny Days.mat
  artifactKey: Guid(6522f30e342599e4e9dd4cc2cc03c830) Importer(815301076,1909f56bfc062723c751e8b465ee728b)
Start importing Assets/TextMesh Pro/Examples & Extras/Resources/Fonts & Materials/Anton SDF - Sunny Days.mat using Guid(6522f30e342599e4e9dd4cc2cc03c830) Importer(815301076,1909f56bfc062723c751e8b465ee728b)  -> (artifact id: 'cda09f0ae1f19ad3db0ada27c8134a60') in 0.108846 seconds
  Import took 0.111200 seconds .

========================================================================
Received Import Request.
  Time since last request: 0.000277 seconds.
  path: Assets/TextMesh Pro/Examples & Extras/Resources/Fonts & Materials/Anton SDF.asset
  artifactKey: Guid(8a89fa14b10d46a99122fd4f73fca9a2) Importer(815301076,1909f56bfc062723c751e8b465ee728b)
Start importing Assets/TextMesh Pro/Examples & Extras/Resources/Fonts & Materials/Anton SDF.asset using Guid(8a89fa14b10d46a99122fd4f73fca9a2) Importer(815301076,1909f56bfc062723c751e8b465ee728b)  -> (artifact id: 'b12e9e99cd48eca61cf32b8081653124') in 0.069583 seconds
  Import took 0.071673 seconds .

========================================================================
Received Import Request.
  Time since last request: 0.000237 seconds.
  path: Assets/TextMesh Pro/Examples & Extras/Resources/Fonts & Materials/Anton SDF - Drop Shadow.mat
  artifactKey: Guid(749b9069dc4742c5bfa5c74644049926) Importer(815301076,1909f56bfc062723c751e8b465ee728b)
Start importing Assets/TextMesh Pro/Examples & Extras/Resources/Fonts & Materials/Anton SDF - Drop Shadow.mat using Guid(749b9069dc4742c5bfa5c74644049926) Importer(815301076,1909f56bfc062723c751e8b465ee728b)  -> (artifact id: '615af743f5ebed34c7b1a2a1a63d2d76') in 0.020249 seconds
  Import took 0.022158 seconds .

========================================================================
Received Import Request.
  Time since last request: 0.000198 seconds.
  path: Assets/TextMesh Pro/Examples & Extras/Resources/Fonts & Materials/Anton SDF - Outline.mat
  artifactKey: Guid(a00013af81304728b2be1f4309ee2433) Importer(815301076,1909f56bfc062723c751e8b465ee728b)
Start importing Assets/TextMesh Pro/Examples & Extras/Resources/Fonts & Materials/Anton SDF - Outline.mat using Guid(a00013af81304728b2be1f4309ee2433) Importer(815301076,1909f56bfc062723c751e8b465ee728b)  -> (artifact id: '796df689aa7e32f93065778dd58b433e') in 0.020716 seconds
  Import took 0.022852 seconds .

========================================================================
Received Import Request.
  Time since last request: 0.228623 seconds.
  path: Assets/PNG/Materials/340081.mat
  artifactKey: Guid(5b1210f9a8e681047a55e744a0448630) Importer(815301076,1909f56bfc062723c751e8b465ee728b)
Start importing Assets/PNG/Materials/340081.mat using Guid(5b1210f9a8e681047a55e744a0448630) Importer(815301076,1909f56bfc062723c751e8b465ee728b)  -> (artifact id: 'd370d58a77f742bebd585700bffbe10b') in 0.078572 seconds
  Import took 0.080907 seconds .

========================================================================
Received Prepare
Registering precompiled user dll's ...
Registered in 0.001409 seconds.
Begin MonoManager ReloadAssembly
Native extension for WindowsStandalone target not found
Refreshing native plugins compatible for Editor in 0.35 ms, found 3 plugins.
Preloading 0 native plugins for Editor in 0.00 ms.
Invoked RoslynAnalysisRunner static constructor.
RoslynAnalysisRunner will not be running.
RoslynAnalysisRunner has terminated.
Mono: successfully reloaded assembly
- Completed reload, in  0.662 seconds
Platform modules already initialized, skipping
Switching build target platform(5) subTarget(0) extendedPlatform(0) -> platform(13) subTarget(537395200) extendedPlatform(0)
Refreshing native plugins compatible for Editor in 0.29 ms, found 3 plugins.
Preloading 0 native plugins for Editor in 0.00 ms.
Unloading 1338 Unused Serialized files (Serialized files now loaded: 0)
System memory in use before: 68.4 MB.
System memory in use after: 68.5 MB.

Unloading 12 unused Assets to reduce memory usage. Loaded Objects now: 1858.
Total: 1.365300 ms (FindLiveObjects: 0.124800 ms CreateObjectMapping: 0.037500 ms MarkObjects: 1.187100 ms  DeleteObjects: 0.014900 ms)

AssetImportParameters requested are different than current active one (requested -> active):
  custom:graphics/normal-map-encoding: 01000000000000000000000000000000 -> 02000000000000000000000000000000
========================================================================
Received Prepare
Registering precompiled user dll's ...
Registered in 0.001268 seconds.
Begin MonoManager ReloadAssembly
Native extension for WindowsStandalone target not found
Refreshing native plugins compatible for Editor in 0.29 ms, found 3 plugins.
Preloading 0 native plugins for Editor in 0.00 ms.
Invoked RoslynAnalysisRunner static constructor.
RoslynAnalysisRunner will not be running.
RoslynAnalysisRunner has terminated.
Mono: successfully reloaded assembly
- Completed reload, in  0.733 seconds
Platform modules already initialized, skipping
Switching build target platform(5) subTarget(0) extendedPlatform(0) -> platform(13) subTarget(537395200) extendedPlatform(0)
Refreshing native plugins compatible for Editor in 0.29 ms, found 3 plugins.
Preloading 0 native plugins for Editor in 0.00 ms.
Unloading 1338 Unused Serialized files (Serialized files now loaded: 0)
System memory in use before: 68.4 MB.
System memory in use after: 68.5 MB.

Unloading 11 unused Assets to reduce memory usage. Loaded Objects now: 1861.
Total: 1.658600 ms (FindLiveObjects: 0.247700 ms CreateObjectMapping: 0.061300 ms MarkObjects: 1.333600 ms  DeleteObjects: 0.014800 ms)

AssetImportParameters requested are different than current active one (requested -> active):
  custom:graphics/normal-map-encoding: 01000000000000000000000000000000 -> 02000000000000000000000000000000
========================================================================
Received Prepare
Refreshing native plugins compatible for Editor in 3.00 ms, found 3 plugins.
Preloading 0 native plugins for Editor in 0.00 ms.
Unloading 9 Unused Serialized files (Serialized files now loaded: 0)
System memory in use before: 42.2 MB.
System memory in use after: 42.3 MB.

Unloading 9 unused Assets to reduce memory usage. Loaded Objects now: 1861.
Total: 1.654400 ms (FindLiveObjects: 0.220500 ms CreateObjectMapping: 0.066700 ms MarkObjects: 1.354000 ms  DeleteObjects: 0.012000 ms)

========================================================================
Received Prepare
Registering precompiled user dll's ...
Registered in 0.001786 seconds.
Begin MonoManager ReloadAssembly
Native extension for WindowsStandalone target not found
Refreshing native plugins compatible for Editor in 0.52 ms, found 3 plugins.
Preloading 0 native plugins for Editor in 0.00 ms.
Invoked RoslynAnalysisRunner static constructor.
RoslynAnalysisRunner will not be running.
RoslynAnalysisRunner has terminated.
Mono: successfully reloaded assembly
- Completed reload, in  0.644 seconds
Platform modules already initialized, skipping
Switching build target platform(5) subTarget(0) extendedPlatform(0) -> platform(13) subTarget(537395200) extendedPlatform(0)
Refreshing native plugins compatible for Editor in 0.28 ms, found 3 plugins.
Preloading 0 native plugins for Editor in 0.00 ms.
Unloading 1338 Unused Serialized files (Serialized files now loaded: 0)
System memory in use before: 68.4 MB.
System memory in use after: 68.5 MB.

Unloading 11 unused Assets to reduce memory usage. Loaded Objects now: 1864.
Total: 1.348100 ms (FindLiveObjects: 0.131300 ms CreateObjectMapping: 0.040400 ms MarkObjects: 1.164000 ms  DeleteObjects: 0.011500 ms)

AssetImportParameters requested are different than current active one (requested -> active):
  custom:graphics/normal-map-encoding: 01000000000000000000000000000000 -> 02000000000000000000000000000000
========================================================================
Received Import Request.
  Time since last request: 818.444697 seconds.
  path: Assets/Skybox add-on/Images/Skybox_6.psd
  artifactKey: Guid(6134f2291582d4cf980ed38392f689b5) Importer(815301076,1909f56bfc062723c751e8b465ee728b)
Start importing Assets/Skybox add-on/Images/Skybox_6.psd using Guid(6134f2291582d4cf980ed38392f689b5) Importer(815301076,1909f56bfc062723c751e8b465ee728b)  -> (artifact id: '75bda6262a4a83c9b14b19f47e683c0b') in 1.005256 seconds
  Import took 1.026791 seconds .

========================================================================
Received Import Request.
  Time since last request: 0.000225 seconds.
  path: Assets/Skybox add-on/Images/Skybox_3.psd
  artifactKey: Guid(d110c11b8411849cea2f9290ef4404af) Importer(815301076,1909f56bfc062723c751e8b465ee728b)
Start importing Assets/Skybox add-on/Images/Skybox_3.psd using Guid(d110c11b8411849cea2f9290ef4404af) Importer(815301076,1909f56bfc062723c751e8b465ee728b)  -> (artifact id: '212fd63e4f878383d41340523a84a6e1') in 0.430061 seconds
  Import took 0.455316 seconds .

========================================================================
Received Import Request.
  Time since last request: 0.001715 seconds.
  path: Assets/Skybox add-on/Images/Skybox_3.psd
  artifactKey: Guid(d110c11b8411849cea2f9290ef4404af) Importer(815301076,1909f56bfc062723c751e8b465ee728b)
Start importing Assets/Skybox add-on/Images/Skybox_3.psd using Guid(d110c11b8411849cea2f9290ef4404af) Importer(815301076,1909f56bfc062723c751e8b465ee728b)  -> (artifact id: '212fd63e4f878383d41340523a84a6e1') in 0.393701 seconds
  Import took 0.413504 seconds .

========================================================================
Received Import Request.
  Time since last request: 5.035595 seconds.
  path: Assets/Skybox add-on/Images/Skybox_1.psd
  artifactKey: Guid(6f15d1fec9b21416b94bc4f38e753bd7) Importer(815301076,1909f56bfc062723c751e8b465ee728b)
Start importing Assets/Skybox add-on/Images/Skybox_1.psd using Guid(6f15d1fec9b21416b94bc4f38e753bd7) Importer(815301076,1909f56bfc062723c751e8b465ee728b)  -> (artifact id: '0e59703e26a441e3502a70dc7ed722f5') in 0.726730 seconds
  Import took 0.746735 seconds .

========================================================================
Received Import Request.
  Time since last request: 0.755411 seconds.
  path: Assets/Skybox add-on/Images/Skybox_1.psd
  artifactKey: Guid(6f15d1fec9b21416b94bc4f38e753bd7) Importer(815301076,1909f56bfc062723c751e8b465ee728b)
Start importing Assets/Skybox add-on/Images/Skybox_1.psd using Guid(6f15d1fec9b21416b94bc4f38e753bd7) Importer(815301076,1909f56bfc062723c751e8b465ee728b)  -> (artifact id: '0e59703e26a441e3502a70dc7ed722f5') in 0.751252 seconds
  Import took 0.780803 seconds .

========================================================================
Received Import Request.
  Time since last request: 28.549571 seconds.
  path: Assets/Sounds
  artifactKey: Guid(f49211ba5a3595d4895683544a5277a3) Importer(815301076,1909f56bfc062723c751e8b465ee728b)
Start importing Assets/Sounds using Guid(f49211ba5a3595d4895683544a5277a3) Importer(815301076,1909f56bfc062723c751e8b465ee728b)  -> (artifact id: '86508421f94453b31f58c394ff21bfbf') in 0.064788 seconds
  Import took 0.068904 seconds .

========================================================================
Received Prepare
Registering precompiled user dll's ...
Registered in 0.001266 seconds.
Begin MonoManager ReloadAssembly
Native extension for WindowsStandalone target not found
Refreshing native plugins compatible for Editor in 0.28 ms, found 3 plugins.
Preloading 0 native plugins for Editor in 0.00 ms.
Invoked RoslynAnalysisRunner static constructor.
RoslynAnalysisRunner will not be running.
RoslynAnalysisRunner has terminated.
Mono: successfully reloaded assembly
- Completed reload, in  0.713 seconds
Platform modules already initialized, skipping
Switching build target platform(5) subTarget(0) extendedPlatform(0) -> platform(13) subTarget(537395200) extendedPlatform(0)
Refreshing native plugins compatible for Editor in 0.28 ms, found 3 plugins.
Preloading 0 native plugins for Editor in 0.00 ms.
Unloading 1338 Unused Serialized files (Serialized files now loaded: 0)
System memory in use before: 68.5 MB.
System memory in use after: 68.6 MB.

Unloading 11 unused Assets to reduce memory usage. Loaded Objects now: 1870.
Total: 1.614900 ms (FindLiveObjects: 0.176000 ms CreateObjectMapping: 0.041000 ms MarkObjects: 1.383700 ms  DeleteObjects: 0.013400 ms)

AssetImportParameters requested are different than current active one (requested -> active):
  custom:graphics/normal-map-encoding: 01000000000000000000000000000000 -> 02000000000000000000000000000000
========================================================================
Received Prepare
Registering precompiled user dll's ...
Registered in 0.001264 seconds.
Begin MonoManager ReloadAssembly
Native extension for WindowsStandalone target not found
Refreshing native plugins compatible for Editor in 0.27 ms, found 3 plugins.
Preloading 0 native plugins for Editor in 0.00 ms.
Invoked RoslynAnalysisRunner static constructor.
RoslynAnalysisRunner will not be running.
RoslynAnalysisRunner has terminated.
Mono: successfully reloaded assembly
- Completed reload, in  0.663 seconds
Platform modules already initialized, skipping
Switching build target platform(5) subTarget(0) extendedPlatform(0) -> platform(13) subTarget(537395200) extendedPlatform(0)
Refreshing native plugins compatible for Editor in 0.30 ms, found 3 plugins.
Preloading 0 native plugins for Editor in 0.00 ms.
Unloading 1338 Unused Serialized files (Serialized files now loaded: 0)
System memory in use before: 68.5 MB.
System memory in use after: 68.6 MB.

Unloading 11 unused Assets to reduce memory usage. Loaded Objects now: 1873.
Total: 1.652900 ms (FindLiveObjects: 0.170200 ms CreateObjectMapping: 0.057500 ms MarkObjects: 1.408900 ms  DeleteObjects: 0.015000 ms)

AssetImportParameters requested are different than current active one (requested -> active):
  custom:graphics/normal-map-encoding: 01000000000000000000000000000000 -> 02000000000000000000000000000000
========================================================================
Received Prepare
Registering precompiled user dll's ...
Registered in 0.001306 seconds.
Begin MonoManager ReloadAssembly
Native extension for WindowsStandalone target not found
Refreshing native plugins compatible for Editor in 0.29 ms, found 3 plugins.
Preloading 0 native plugins for Editor in 0.00 ms.
Invoked RoslynAnalysisRunner static constructor.
RoslynAnalysisRunner will not be running.
RoslynAnalysisRunner has terminated.
Mono: successfully reloaded assembly
- Completed reload, in  0.708 seconds
Platform modules already initialized, skipping
Switching build target platform(5) subTarget(0) extendedPlatform(0) -> platform(13) subTarget(537395200) extendedPlatform(0)
Refreshing native plugins compatible for Editor in 0.28 ms, found 3 plugins.
Preloading 0 native plugins for Editor in 0.00 ms.
Unloading 1338 Unused Serialized files (Serialized files now loaded: 0)
System memory in use before: 68.5 MB.
System memory in use after: 68.6 MB.

Unloading 11 unused Assets to reduce memory usage. Loaded Objects now: 1876.
Total: 1.406500 ms (FindLiveObjects: 0.147900 ms CreateObjectMapping: 0.043000 ms MarkObjects: 1.202700 ms  DeleteObjects: 0.011900 ms)

AssetImportParameters requested are different than current active one (requested -> active):
  custom:graphics/normal-map-encoding: 01000000000000000000000000000000 -> 02000000000000000000000000000000
========================================================================
Received Prepare
Refreshing native plugins compatible for Editor in 2.76 ms, found 3 plugins.
Preloading 0 native plugins for Editor in 0.00 ms.
Unloading 9 Unused Serialized files (Serialized files now loaded: 0)
System memory in use before: 42.3 MB.
System memory in use after: 42.4 MB.

Unloading 9 unused Assets to reduce memory usage. Loaded Objects now: 1876.
Total: 1.573200 ms (FindLiveObjects: 0.169500 ms CreateObjectMapping: 0.040100 ms MarkObjects: 1.351100 ms  DeleteObjects: 0.011000 ms)

========================================================================
Received Prepare
Registering precompiled user dll's ...
Registered in 0.001436 seconds.
Begin MonoManager ReloadAssembly
Native extension for WindowsStandalone target not found
Refreshing native plugins compatible for Editor in 0.29 ms, found 3 plugins.
Preloading 0 native plugins for Editor in 0.00 ms.
Invoked RoslynAnalysisRunner static constructor.
RoslynAnalysisRunner will not be running.
RoslynAnalysisRunner has terminated.
Mono: successfully reloaded assembly
- Completed reload, in  0.692 seconds
Platform modules already initialized, skipping
Switching build target platform(5) subTarget(0) extendedPlatform(0) -> platform(13) subTarget(537395200) extendedPlatform(0)
Refreshing native plugins compatible for Editor in 0.28 ms, found 3 plugins.
Preloading 0 native plugins for Editor in 0.00 ms.
Unloading 1338 Unused Serialized files (Serialized files now loaded: 0)
System memory in use before: 68.5 MB.
System memory in use after: 68.6 MB.

Unloading 11 unused Assets to reduce memory usage. Loaded Objects now: 1879.
Total: 1.537500 ms (FindLiveObjects: 0.151500 ms CreateObjectMapping: 0.038500 ms MarkObjects: 1.310500 ms  DeleteObjects: 0.036000 ms)

AssetImportParameters requested are different than current active one (requested -> active):
  custom:graphics/normal-map-encoding: 01000000000000000000000000000000 -> 02000000000000000000000000000000
AssetImportWorkerClient::OnTransportError - code=2 error=End of file
